[debug] [2022-05-25T17:22:59.475Z] ----------------------------------------------------------------------
[debug] [2022-05-25T17:22:59.477Z] Command:       C:\Program Files\nodejs\node.exe C:\Users\acer\AppData\Roaming\npm\node_modules\firebase-tools\lib\bin\firebase.js init
[debug] [2022-05-25T17:22:59.478Z] CLI Version:   11.0.0
[debug] [2022-05-25T17:22:59.478Z] Platform:      win32
[debug] [2022-05-25T17:22:59.478Z] Node Version:  v17.7.2
[debug] [2022-05-25T17:22:59.479Z] Time:          Wed May 25 2022 22:52:59 GMT+0530 (India Standard Time)
[debug] [2022-05-25T17:22:59.480Z] ----------------------------------------------------------------------
[debug] 
[debug] [2022-05-25T17:22:59.489Z] >>> [apiv2][query] GET https://firebase-public.firebaseio.com/cli.json [none]
[debug] [2022-05-25T17:22:59.706Z] > command requires scopes: ["email","openid","https://www.googleapis.com/auth/cloudplatformprojects.readonly","https://www.googleapis.com/auth/firebase","https://www.googleapis.com/auth/cloud-platform"]
[debug] [2022-05-25T17:22:59.706Z] > authorizing via signed-in user (mishravishal2810@gmail.com)
[info] 
     ######## #### ########  ######## ########     ###     ######  ########
     ##        ##  ##     ## ##       ##     ##  ##   ##  ##       ##
     ######    ##  ########  ######   ########  #########  ######  ######
     ##        ##  ##    ##  ##       ##     ## ##     ##       ## ##
     ##       #### ##     ## ######## ########  ##     ##  ######  ########

You're about to initialize a Firebase project in this directory:

  D:\Vishal\Placement IMPORTANT\Development\Full and Final Project for Resume\Visco World\Visco_Store

Before we get started, keep in mind:

  * You are initializing within an existing Firebase project directory

[debug] [2022-05-25T17:23:11.196Z] <<< [apiv2][status] GET https://firebase-public.firebaseio.com/cli.json 200
[debug] [2022-05-25T17:23:11.197Z] <<< [apiv2][body] GET https://firebase-public.firebaseio.com/cli.json {"cloudBuildErrorAfter":1594252800000,"cloudBuildWarnAfter":1590019200000,"defaultNode10After":1594252800000,"minVersion":"3.0.5","node8DeploysDisabledAfter":1613390400000,"node8RuntimeDisabledAfter":1615809600000,"node8WarnAfter":1600128000000}
